<?xml version="1.0" encoding="UTF-8"?>
<!-- Generated by org.testng.reporters.JUnitReportReporter -->
<testsuite hostname="LAPTOP-901NLNPE" failures="0" tests="1" name="com.osa.test.SmokeTest" time="8.311" errors="0" timestamp="19 Sep 2020 01:45:15 GMT" skipped="0">
  <testcase classname="com.osa.test.SmokeTest" name="Osa" time="8.311"/>
</testsuite> <!-- com.osa.test.SmokeTest -->
